
> nextjs@0.1.0 prebuild
> [ -f "$HOME/package-lock.json" ] && rm -f "$HOME/package-lock.json" || true


> nextjs@0.1.0 build
> next build

   ▲ Next.js 15.4.6

   Creating an optimized production build ...
Failed to compile.

./components/WebQRMesh.tsx
Error:   [31mx[0m The "use client" directive must be placed before other expressions. Move it to the top of the file to resolve this issue.
   ,-[[36;1;4m/Users/sabihsaleem/Documents/GitHub/nextjs-boilerplate/components/WebQRMesh.tsx[0m:4:1]
 [2m1[0m | "use client";
 [2m2[0m | import React from "react";
 [2m3[0m | cat > components/WebQRMesh.tsx <<'TSX'
 [2m4[0m | "use client";
   : [35;1m^^^^^^^^^^^^^[0m
 [2m5[0m | import React from "react";
 [2m6[0m | 
 [2m7[0m | export default function WebQRMesh() {
   `----

Import trace for requested module:
./components/WebQRMesh.tsx
./components/WebNearbyMesh.tsx
./app/webmesh/page.tsx


> Build failed because of webpack errors
